<?xml version="1.0" encoding="UTF-8"?>
<!-- Generated by org.testng.reporters.JUnitXMLReporter -->
<testsuite ignored="0" hostname="Aaradhya" failures="0" tests="5" name="Test" time="68.901" errors="0" timestamp="2025-06-18T02:43:35 IST">
  <testcase classname="testClases.TC001_AccountRegistrationTest" name="verify_account_registration" time="3.461"/>
  <testcase classname="testClases.TC002LoginTest" name="verify_login" time="1.735"/>
  <testcase classname="testClases.TC004_SearchFunctionalityTest" name="SearchProduct" time="13.006"/>
  <testcase classname="testClases.TC005_DetailPageTest" name="verify_cart" time="7.834"/>
  <testcase classname="testClases.TC006_CartPageTest" name="verify_cartpage" time="8.822"/>
</testsuite> <!-- Test -->
