<?xml version="1.0" encoding="UTF-8"?>
<testng-results ignored="0" total="5" passed="5" failed="0" skipped="0">
  <reporter-output>
  </reporter-output>
  <suite started-at="2025-06-18T02:42:24 IST" name="Master Suite" finished-at="2025-06-18T02:43:33 IST" duration-ms="68901">
    <groups>
      <group name="Master">
        <method signature="TC001_AccountRegistrationTest.verify_account_registration()[pri:0, instance:testClases.TC001_AccountRegistrationTest@36ebc363]" name="verify_account_registration" class="testClases.TC001_AccountRegistrationTest"/>
        <method signature="TC002LoginTest.verify_login()[pri:0, instance:testClases.TC002LoginTest@38425407]" name="verify_login" class="testClases.TC002LoginTest"/>
        <method signature="TC004_SearchFunctionalityTest.SearchProduct()[pri:0, instance:testClases.TC004_SearchFunctionalityTest@43bc63a3]" name="SearchProduct" class="testClases.TC004_SearchFunctionalityTest"/>
        <method signature="TC005_DetailPageTest.verify_cart()[pri:0, instance:testClases.TC005_DetailPageTest@702657cc]" name="verify_cart" class="testClases.TC005_DetailPageTest"/>
        <method signature="TC006_CartPageTest.verify_cartpage()[pri:0, instance:testClases.TC006_CartPageTest@6a6cb05c]" name="verify_cartpage" class="testClases.TC006_CartPageTest"/>
      </group> <!-- Master -->
      <group name="Sanity">
        <method signature="TC001_AccountRegistrationTest.verify_account_registration()[pri:0, instance:testClases.TC001_AccountRegistrationTest@36ebc363]" name="verify_account_registration" class="testClases.TC001_AccountRegistrationTest"/>
        <method signature="TC002LoginTest.verify_login()[pri:0, instance:testClases.TC002LoginTest@38425407]" name="verify_login" class="testClases.TC002LoginTest"/>
        <method signature="TC004_SearchFunctionalityTest.SearchProduct()[pri:0, instance:testClases.TC004_SearchFunctionalityTest@43bc63a3]" name="SearchProduct" class="testClases.TC004_SearchFunctionalityTest"/>
        <method signature="TC005_DetailPageTest.verify_cart()[pri:0, instance:testClases.TC005_DetailPageTest@702657cc]" name="verify_cart" class="testClases.TC005_DetailPageTest"/>
        <method signature="TC006_CartPageTest.verify_cartpage()[pri:0, instance:testClases.TC006_CartPageTest@6a6cb05c]" name="verify_cartpage" class="testClases.TC006_CartPageTest"/>
      </group> <!-- Sanity -->
      <group name="Regression">
        <method signature="TC001_AccountRegistrationTest.verify_account_registration()[pri:0, instance:testClases.TC001_AccountRegistrationTest@36ebc363]" name="verify_account_registration" class="testClases.TC001_AccountRegistrationTest"/>
        <method signature="TC002LoginTest.verify_login()[pri:0, instance:testClases.TC002LoginTest@38425407]" name="verify_login" class="testClases.TC002LoginTest"/>
        <method signature="TC004_SearchFunctionalityTest.SearchProduct()[pri:0, instance:testClases.TC004_SearchFunctionalityTest@43bc63a3]" name="SearchProduct" class="testClases.TC004_SearchFunctionalityTest"/>
        <method signature="TC005_DetailPageTest.verify_cart()[pri:0, instance:testClases.TC005_DetailPageTest@702657cc]" name="verify_cart" class="testClases.TC005_DetailPageTest"/>
        <method signature="TC006_CartPageTest.verify_cartpage()[pri:0, instance:testClases.TC006_CartPageTest@6a6cb05c]" name="verify_cartpage" class="testClases.TC006_CartPageTest"/>
      </group> <!-- Regression -->
    </groups>
    <test started-at="2025-06-18T02:42:24 IST" name="Test" finished-at="2025-06-18T02:43:33 IST" duration-ms="68901">
      <class name="testClases.TC006_CartPageTest">
        <test-method is-config="true" signature="setup(java.lang.String,java.lang.String)[pri:0, instance:testClases.TC006_CartPageTest@6a6cb05c]" started-at="2025-06-18T02:43:17 IST" name="setup" finished-at="2025-06-18T02:43:22 IST" duration-ms="4865" status="PASS">
          <params>
            <param index="0">
              <value>
                <![CDATA[Windows]]>
              </value>
            </param>
            <param index="1">
              <value>
                <![CDATA[edge]]>
              </value>
            </param>
          </params>
          <reporter-output>
          </reporter-output>
        </test-method> <!-- setup -->
        <test-method signature="verify_cartpage()[pri:0, instance:testClases.TC006_CartPageTest@6a6cb05c]" started-at="2025-06-18T02:43:22 IST" name="verify_cartpage" finished-at="2025-06-18T02:43:31 IST" duration-ms="8822" status="PASS">
          <reporter-output>
          </reporter-output>
        </test-method> <!-- verify_cartpage -->
        <test-method is-config="true" signature="tearDown()[pri:0, instance:testClases.TC006_CartPageTest@6a6cb05c]" started-at="2025-06-18T02:43:31 IST" name="tearDown" finished-at="2025-06-18T02:43:33 IST" duration-ms="1479" status="PASS">
          <reporter-output>
          </reporter-output>
        </test-method> <!-- tearDown -->
      </class> <!-- testClases.TC006_CartPageTest -->
      <class name="testClases.TC004_SearchFunctionalityTest">
        <test-method is-config="true" signature="setup(java.lang.String,java.lang.String)[pri:0, instance:testClases.TC004_SearchFunctionalityTest@43bc63a3]" started-at="2025-06-18T02:42:44 IST" name="setup" finished-at="2025-06-18T02:42:49 IST" duration-ms="4998" status="PASS">
          <params>
            <param index="0">
              <value>
                <![CDATA[Windows]]>
              </value>
            </param>
            <param index="1">
              <value>
                <![CDATA[edge]]>
              </value>
            </param>
          </params>
          <reporter-output>
          </reporter-output>
        </test-method> <!-- setup -->
        <test-method signature="SearchProduct()[pri:0, instance:testClases.TC004_SearchFunctionalityTest@43bc63a3]" started-at="2025-06-18T02:42:49 IST" name="SearchProduct" finished-at="2025-06-18T02:43:02 IST" duration-ms="13006" status="PASS">
          <reporter-output>
          </reporter-output>
        </test-method> <!-- SearchProduct -->
        <test-method is-config="true" signature="tearDown()[pri:0, instance:testClases.TC004_SearchFunctionalityTest@43bc63a3]" started-at="2025-06-18T02:43:02 IST" name="tearDown" finished-at="2025-06-18T02:43:03 IST" duration-ms="1480" status="PASS">
          <reporter-output>
          </reporter-output>
        </test-method> <!-- tearDown -->
      </class> <!-- testClases.TC004_SearchFunctionalityTest -->
      <class name="testClases.TC005_DetailPageTest">
        <test-method is-config="true" signature="setup(java.lang.String,java.lang.String)[pri:0, instance:testClases.TC005_DetailPageTest@702657cc]" started-at="2025-06-18T02:43:03 IST" name="setup" finished-at="2025-06-18T02:43:08 IST" duration-ms="4874" status="PASS">
          <params>
            <param index="0">
              <value>
                <![CDATA[Windows]]>
              </value>
            </param>
            <param index="1">
              <value>
                <![CDATA[edge]]>
              </value>
            </param>
          </params>
          <reporter-output>
          </reporter-output>
        </test-method> <!-- setup -->
        <test-method signature="verify_cart()[pri:0, instance:testClases.TC005_DetailPageTest@702657cc]" started-at="2025-06-18T02:43:08 IST" name="verify_cart" finished-at="2025-06-18T02:43:16 IST" duration-ms="7834" status="PASS">
          <reporter-output>
          </reporter-output>
        </test-method> <!-- verify_cart -->
        <test-method is-config="true" signature="tearDown()[pri:0, instance:testClases.TC005_DetailPageTest@702657cc]" started-at="2025-06-18T02:43:16 IST" name="tearDown" finished-at="2025-06-18T02:43:17 IST" duration-ms="1507" status="PASS">
          <reporter-output>
          </reporter-output>
        </test-method> <!-- tearDown -->
      </class> <!-- testClases.TC005_DetailPageTest -->
      <class name="testClases.TC001_AccountRegistrationTest">
        <test-method is-config="true" signature="setup(java.lang.String,java.lang.String)[pri:0, instance:testClases.TC001_AccountRegistrationTest@36ebc363]" started-at="2025-06-18T02:42:24 IST" name="setup" finished-at="2025-06-18T02:42:31 IST" duration-ms="6714" status="PASS">
          <params>
            <param index="0">
              <value>
                <![CDATA[Windows]]>
              </value>
            </param>
            <param index="1">
              <value>
                <![CDATA[edge]]>
              </value>
            </param>
          </params>
          <reporter-output>
          </reporter-output>
        </test-method> <!-- setup -->
        <test-method signature="verify_account_registration()[pri:0, instance:testClases.TC001_AccountRegistrationTest@36ebc363]" started-at="2025-06-18T02:42:31 IST" name="verify_account_registration" finished-at="2025-06-18T02:42:34 IST" duration-ms="3461" status="PASS">
          <reporter-output>
          </reporter-output>
        </test-method> <!-- verify_account_registration -->
        <test-method is-config="true" signature="tearDown()[pri:0, instance:testClases.TC001_AccountRegistrationTest@36ebc363]" started-at="2025-06-18T02:42:34 IST" name="tearDown" finished-at="2025-06-18T02:42:36 IST" duration-ms="1425" status="PASS">
          <reporter-output>
          </reporter-output>
        </test-method> <!-- tearDown -->
      </class> <!-- testClases.TC001_AccountRegistrationTest -->
      <class name="testClases.TC002LoginTest">
        <test-method is-config="true" signature="setup(java.lang.String,java.lang.String)[pri:0, instance:testClases.TC002LoginTest@38425407]" started-at="2025-06-18T02:42:36 IST" name="setup" finished-at="2025-06-18T02:42:41 IST" duration-ms="4919" status="PASS">
          <params>
            <param index="0">
              <value>
                <![CDATA[Windows]]>
              </value>
            </param>
            <param index="1">
              <value>
                <![CDATA[edge]]>
              </value>
            </param>
          </params>
          <reporter-output>
          </reporter-output>
        </test-method> <!-- setup -->
        <test-method signature="verify_login()[pri:0, instance:testClases.TC002LoginTest@38425407]" started-at="2025-06-18T02:42:41 IST" name="verify_login" finished-at="2025-06-18T02:42:42 IST" duration-ms="1735" status="PASS">
          <reporter-output>
          </reporter-output>
        </test-method> <!-- verify_login -->
        <test-method is-config="true" signature="tearDown()[pri:0, instance:testClases.TC002LoginTest@38425407]" started-at="2025-06-18T02:42:42 IST" name="tearDown" finished-at="2025-06-18T02:42:44 IST" duration-ms="1377" status="PASS">
          <reporter-output>
          </reporter-output>
        </test-method> <!-- tearDown -->
      </class> <!-- testClases.TC002LoginTest -->
    </test> <!-- Test -->
  </suite> <!-- Master Suite -->
</testng-results>
