<?xml version="1.0" encoding="UTF-8"?>
<testng-results ignored="0" total="2" passed="2" failed="0" skipped="0">
  <reporter-output>
  </reporter-output>
  <suite started-at="2025-05-28T03:50:54 IST" name="Master Suite" finished-at="2025-05-28T03:51:13 IST" duration-ms="18263">
    <groups>
      <group name="Master">
        <method signature="TC001_AccountRegistrationTest.verify_account_registration()[pri:0, instance:testClases.TC001_AccountRegistrationTest@5b94b04d]" name="verify_account_registration" class="testClases.TC001_AccountRegistrationTest"/>
        <method signature="TC002LoginTest.verify_login()[pri:0, instance:testClases.TC002LoginTest@1e178745]" name="verify_login" class="testClases.TC002LoginTest"/>
      </group> <!-- Master -->
      <group name="Sanity">
        <method signature="TC002LoginTest.verify_login()[pri:0, instance:testClases.TC002LoginTest@1e178745]" name="verify_login" class="testClases.TC002LoginTest"/>
      </group> <!-- Sanity -->
      <group name="Regression">
        <method signature="TC001_AccountRegistrationTest.verify_account_registration()[pri:0, instance:testClases.TC001_AccountRegistrationTest@5b94b04d]" name="verify_account_registration" class="testClases.TC001_AccountRegistrationTest"/>
      </group> <!-- Regression -->
    </groups>
    <test started-at="2025-05-28T03:50:54 IST" name="Test" finished-at="2025-05-28T03:51:13 IST" duration-ms="18263">
      <class name="testClases.TC001_AccountRegistrationTest">
        <test-method is-config="true" signature="setup(java.lang.String,java.lang.String)[pri:0, instance:testClases.TC001_AccountRegistrationTest@5b94b04d]" started-at="2025-05-28T03:50:55 IST" name="setup" finished-at="2025-05-28T03:51:00 IST" duration-ms="5696" status="PASS">
          <params>
            <param index="0">
              <value>
                <![CDATA[Windows]]>
              </value>
            </param>
            <param index="1">
              <value>
                <![CDATA[edge]]>
              </value>
            </param>
          </params>
          <reporter-output>
          </reporter-output>
        </test-method> <!-- setup -->
        <test-method signature="verify_account_registration()[pri:0, instance:testClases.TC001_AccountRegistrationTest@5b94b04d]" started-at="2025-05-28T03:51:00 IST" name="verify_account_registration" finished-at="2025-05-28T03:51:03 IST" duration-ms="2899" status="PASS">
          <reporter-output>
          </reporter-output>
        </test-method> <!-- verify_account_registration -->
        <test-method is-config="true" signature="tearDown()[pri:0, instance:testClases.TC001_AccountRegistrationTest@5b94b04d]" started-at="2025-05-28T03:51:03 IST" name="tearDown" finished-at="2025-05-28T03:51:05 IST" duration-ms="1442" status="PASS">
          <reporter-output>
          </reporter-output>
        </test-method> <!-- tearDown -->
      </class> <!-- testClases.TC001_AccountRegistrationTest -->
      <class name="testClases.TC002LoginTest">
        <test-method is-config="true" signature="setup(java.lang.String,java.lang.String)[pri:0, instance:testClases.TC002LoginTest@1e178745]" started-at="2025-05-28T03:51:05 IST" name="setup" finished-at="2025-05-28T03:51:09 IST" duration-ms="4792" status="PASS">
          <params>
            <param index="0">
              <value>
                <![CDATA[Windows]]>
              </value>
            </param>
            <param index="1">
              <value>
                <![CDATA[edge]]>
              </value>
            </param>
          </params>
          <reporter-output>
          </reporter-output>
        </test-method> <!-- setup -->
        <test-method signature="verify_login()[pri:0, instance:testClases.TC002LoginTest@1e178745]" started-at="2025-05-28T03:51:09 IST" name="verify_login" finished-at="2025-05-28T03:51:11 IST" duration-ms="1701" status="PASS">
          <reporter-output>
          </reporter-output>
        </test-method> <!-- verify_login -->
        <test-method is-config="true" signature="tearDown()[pri:0, instance:testClases.TC002LoginTest@1e178745]" started-at="2025-05-28T03:51:11 IST" name="tearDown" finished-at="2025-05-28T03:51:13 IST" duration-ms="1394" status="PASS">
          <reporter-output>
          </reporter-output>
        </test-method> <!-- tearDown -->
      </class> <!-- testClases.TC002LoginTest -->
    </test> <!-- Test -->
  </suite> <!-- Master Suite -->
</testng-results>
